[2025-09-10T22:47:58+07:00] Post 786334934561714_122104150851000718: stored 1 comments
[2025-09-10T22:47:58+07:00] Fetched 1 posts
[2025-09-10T22:51:55+07:00] Post 786334934561714_122104150851000718: stored 1 comments
[2025-09-10T22:51:55+07:00] Fetched 2 posts
[2025-09-10T22:53:59+07:00] Fetched 2 posts
[2025-09-10T23:30:34+07:00] Post 786334934561714_122104305771000718: stored 1 comments
[2025-09-10T23:30:36+07:00] Post 786334934561714_122104299039000718: stored 1 comments
[2025-09-10T23:30:37+07:00] Fetched 5 posts
[2025-09-10T23:34:24+07:00] Post 786334934561714_122104305771000718: stored 3 comments
[2025-09-10T23:34:27+07:00] Post 786334934561714_122104299039000718: stored 1 comments
[2025-09-10T23:34:28+07:00] Fetched 5 posts
[2025-09-10T23:40:25+07:00] Post 786334934561714_122104305771000718: stored 4 comments
[2025-09-10T23:40:27+07:00] Post 786334934561714_122104299039000718: stored 1 comments
[2025-09-10T23:40:28+07:00] Fetched 5 posts
[2025-09-16T11:11:54+07:00] FATAL: HTTP 400: {"error":{"message":"Unsupported get request. Object with ID 'c' does not exist, cannot be loaded due to missing permissions, or does not support this operation. Please read the Graph API documentation at https:\/\/developers.facebook.com\/docs\/graph-api","type":"GraphMethodException","code":100,"error_subcode":33,"fbtrace_id":"As0WJtvIpp8ICEHynHyuElJ"}}
[2025-09-16T11:12:22+07:00] FATAL: HTTP 400: {"error":{"message":"Invalid OAuth 2.0 Access Token","type":"OAuthException","code":190,"error_subcode":2069032,"is_transient":false,"error_user_title":"Mã truy cập người dùng không được hỗ trợ","error_user_msg":"Lệnh gọi này cần mã truy cập Trang đối với trải nghiệm Trang mới.","fbtrace_id":"AktwzkP6XWyE1ed50c3NBO7"}}
[2025-09-16T11:13:39+07:00] FATAL: HTTP 400: {"error":{"message":"Invalid OAuth 2.0 Access Token","type":"OAuthException","code":190,"error_subcode":2069032,"is_transient":false,"error_user_title":"Mã truy cập người dùng không được hỗ trợ","error_user_msg":"Lệnh gọi này cần mã truy cập Trang đối với trải nghiệm Trang mới.","fbtrace_id":"AAt8DfaFIElCEamjImWnuRZ"}}
[2025-09-16T11:15:09+07:00] Post 786334934561714_122104305771000718: stored 4 comments
[2025-09-16T11:15:11+07:00] Post 786334934561714_122104299039000718: stored 1 comments
[2025-09-16T11:15:12+07:00] Fetched 5 posts
[2025-09-16T13:40:24+07:00] FATAL: HTTP 400: {"error":{"message":"Error validating access token: Session has expired on Monday, 15-Sep-25 23:00:00 PDT. The current time is Monday, 15-Sep-25 23:39:48 PDT.","type":"OAuthException","code":190,"error_subcode":463,"fbtrace_id":"AJISU30rEODzafVmnzXpPig"}}
[2025-09-16T13:45:34+07:00] FATAL: HTTP 400: {"error":{"message":"Error validating access token: Session has expired on Monday, 15-Sep-25 23:00:00 PDT. The current time is Monday, 15-Sep-25 23:44:58 PDT.","type":"OAuthException","code":190,"error_subcode":463,"fbtrace_id":"A1PQxhG8cniMCspGK4bVUrn"}}
[2025-09-16T13:46:47+07:00] Post 786334934561714_122104305771000718: stored 4 comments
[2025-09-16T13:46:50+07:00] Post 786334934561714_122104299039000718: stored 1 comments
[2025-09-16T13:46:50+07:00] Fetched 6 posts
[2025-09-16T13:52:05+07:00] Fetched 1 posts
[2025-09-16T14:20:05+07:00] Fetched 1 posts
